<?xml version="1.0" encoding="UTF-8"?>
<testsuite xmlns:xsi="http://www.w3.org/2001/XMLSchema-instance" xsi:noNamespaceSchemaLocation="https://maven.apache.org/surefire/maven-failsafe-plugin/xsd/failsafe-test-report.xsd" version="3.0.2" name="com.mycompany.entornos.EntornosIT" time="0.085" tests="1" errors="0" skipped="0" failures="0">
  <properties>
[...]
</properties>
  <testcase name="testEj1Bucle" classname="com.mycompany.entornos.EntornosIT" time="0.012">
    <system-out><![CDATA[ej1Bucle
]]></system-out>
  </testcase>
</testsuite>